nohup: ignoring input
◇ injected env (6) from .env // tip: ⌘ override existing { override: true }
◇ injected env (0) from .env // tip: ⌘ override existing { override: true }
Backend running on http://localhost:3000
Connected to FreeSWITCH ESL
[db] Schema ready.
[server] DB schema verified.
[
  { username: '1000', extension: '1000' },
  { username: '1001', extension: '1001' },
  { username: '1002', extension: '1002' },
  { username: '1003', extension: '1003' },
  { username: '1004', extension: '1004' },
  { username: '1005', extension: '1005' },
  { username: '1006', extension: '1006' },
  { username: '1007', extension: '1007' },
  { username: '1008', extension: '1008' },
  { username: '1009', extension: '1009' },
  { username: '1010', extension: '1010' },
  { username: '1011', extension: '1011' },
  { username: '1012', extension: '1012' },
  { username: '1013', extension: '1013' },
  { username: '1014', extension: '1014' },
  { username: '1015', extension: '1015' },
  { username: '1016', extension: '1016' },
  { username: '1017', extension: '1017' },
  { username: '1018', extension: '1018' },
  { username: '1019', extension: '1019' },
  { username: '1020', extension: '1020' },
  { username: '1021', extension: '1021' },
  { username: '1022', extension: '1022' },
  { username: '1023', extension: '1023' },
  { username: '1024', extension: '1024' },
  { username: '1025', extension: '1025' },
  { username: '1027', extension: '1027' },
  { username: '1028', extension: '1028' },
  { username: '1031', extension: '1031' },
  { username: 'brian', extension: 'brian' },
  { username: 'default', extension: 'default' },
  {
    username: '$${default_provider}',
    extension: '$${default_provider}'
  },
  { username: 'SEP001120AABBCC', extension: 'SEP001120AABBCC' }
]
[
  { username: '1000', extension: '1000' },
  { username: '1001', extension: '1001' },
  { username: '1002', extension: '1002' },
  { username: '1003', extension: '1003' },
  { username: '1004', extension: '1004' },
  { username: '1005', extension: '1005' },
  { username: '1006', extension: '1006' },
  { username: '1007', extension: '1007' },
  { username: '1008', extension: '1008' },
  { username: '1009', extension: '1009' },
  { username: '1010', extension: '1010' },
  { username: '1011', extension: '1011' },
  { username: '1012', extension: '1012' },
  { username: '1013', extension: '1013' },
  { username: '1014', extension: '1014' },
  { username: '1015', extension: '1015' },
  { username: '1016', extension: '1016' },
  { username: '1017', extension: '1017' },
  { username: '1018', extension: '1018' },
  { username: '1019', extension: '1019' },
  { username: '1020', extension: '1020' },
  { username: '1021', extension: '1021' },
  { username: '1022', extension: '1022' },
  { username: '1023', extension: '1023' },
  { username: '1024', extension: '1024' },
  { username: '1025', extension: '1025' },
  { username: '1027', extension: '1027' },
  { username: '1028', extension: '1028' },
  { username: '1031', extension: '1031' },
  { username: 'brian', extension: 'brian' },
  { username: 'default', extension: 'default' },
  {
    username: '$${default_provider}',
    extension: '$${default_provider}'
  },
  { username: 'SEP001120AABBCC', extension: 'SEP001120AABBCC' }
]
[
  { username: '1000', extension: '1000' },
  { username: '1001', extension: '1001' },
  { username: '1002', extension: '1002' },
  { username: '1003', extension: '1003' },
  { username: '1004', extension: '1004' },
  { username: '1005', extension: '1005' },
  { username: '1006', extension: '1006' },
  { username: '1007', extension: '1007' },
  { username: '1008', extension: '1008' },
  { username: '1009', extension: '1009' },
  { username: '1010', extension: '1010' },
  { username: '1011', extension: '1011' },
  { username: '1012', extension: '1012' },
  { username: '1013', extension: '1013' },
  { username: '1014', extension: '1014' },
  { username: '1015', extension: '1015' },
  { username: '1016', extension: '1016' },
  { username: '1017', extension: '1017' },
  { username: '1018', extension: '1018' },
  { username: '1019', extension: '1019' },
  { username: '1020', extension: '1020' },
  { username: '1021', extension: '1021' },
  { username: '1022', extension: '1022' },
  { username: '1023', extension: '1023' },
  { username: '1024', extension: '1024' },
  { username: '1025', extension: '1025' },
  { username: '1027', extension: '1027' },
  { username: '1028', extension: '1028' },
  { username: '1031', extension: '1031' },
  { username: 'brian', extension: 'brian' },
  { username: 'default', extension: 'default' },
  {
    username: '$${default_provider}',
    extension: '$${default_provider}'
  },
  { username: 'SEP001120AABBCC', extension: 'SEP001120AABBCC' }
]
[
  { username: '1000', extension: '1000' },
  { username: '1001', extension: '1001' },
  { username: '1002', extension: '1002' },
  { username: '1003', extension: '1003' },
  { username: '1004', extension: '1004' },
  { username: '1005', extension: '1005' },
  { username: '1006', extension: '1006' },
  { username: '1007', extension: '1007' },
  { username: '1008', extension: '1008' },
  { username: '1009', extension: '1009' },
  { username: '1010', extension: '1010' },
  { username: '1011', extension: '1011' },
  { username: '1012', extension: '1012' },
  { username: '1013', extension: '1013' },
  { username: '1014', extension: '1014' },
  { username: '1015', extension: '1015' },
  { username: '1016', extension: '1016' },
  { username: '1017', extension: '1017' },
  { username: '1018', extension: '1018' },
  { username: '1019', extension: '1019' },
  { username: '1020', extension: '1020' },
  { username: '1021', extension: '1021' },
  { username: '1022', extension: '1022' },
  { username: '1023', extension: '1023' },
  { username: '1024', extension: '1024' },
  { username: '1025', extension: '1025' },
  { username: '1027', extension: '1027' },
  { username: '1028', extension: '1028' },
  { username: '1031', extension: '1031' },
  { username: 'brian', extension: 'brian' },
  { username: 'default', extension: 'default' },
  {
    username: '$${default_provider}',
    extension: '$${default_provider}'
  },
  { username: 'SEP001120AABBCC', extension: 'SEP001120AABBCC' }
]
[
  { username: '1000', extension: '1000' },
  { username: '1001', extension: '1001' },
  { username: '1002', extension: '1002' },
  { username: '1003', extension: '1003' },
  { username: '1004', extension: '1004' },
  { username: '1005', extension: '1005' },
  { username: '1006', extension: '1006' },
  { username: '1007', extension: '1007' },
  { username: '1008', extension: '1008' },
  { username: '1009', extension: '1009' },
  { username: '1010', extension: '1010' },
  { username: '1011', extension: '1011' },
  { username: '1012', extension: '1012' },
  { username: '1013', extension: '1013' },
  { username: '1014', extension: '1014' },
  { username: '1015', extension: '1015' },
  { username: '1016', extension: '1016' },
  { username: '1017', extension: '1017' },
  { username: '1018', extension: '1018' },
  { username: '1019', extension: '1019' },
  { username: '1020', extension: '1020' },
  { username: '1021', extension: '1021' },
  { username: '1022', extension: '1022' },
  { username: '1023', extension: '1023' },
  { username: '1024', extension: '1024' },
  { username: '1025', extension: '1025' },
  { username: '1027', extension: '1027' },
  { username: '1028', extension: '1028' },
  { username: '1031', extension: '1031' },
  { username: 'brian', extension: 'brian' },
  { username: 'default', extension: 'default' },
  {
    username: '$${default_provider}',
    extension: '$${default_provider}'
  },
  { username: 'SEP001120AABBCC', extension: 'SEP001120AABBCC' }
]
[
  { username: '1000', extension: '1000' },
  { username: '1001', extension: '1001' },
  { username: '1002', extension: '1002' },
  { username: '1003', extension: '1003' },
  { username: '1004', extension: '1004' },
  { username: '1005', extension: '1005' },
  { username: '1006', extension: '1006' },
  { username: '1007', extension: '1007' },
  { username: '1008', extension: '1008' },
  { username: '1009', extension: '1009' },
  { username: '1010', extension: '1010' },
  { username: '1011', extension: '1011' },
  { username: '1012', extension: '1012' },
  { username: '1013', extension: '1013' },
  { username: '1014', extension: '1014' },
  { username: '1015', extension: '1015' },
  { username: '1016', extension: '1016' },
  { username: '1017', extension: '1017' },
  { username: '1018', extension: '1018' },
  { username: '1019', extension: '1019' },
  { username: '1020', extension: '1020' },
  { username: '1021', extension: '1021' },
  { username: '1022', extension: '1022' },
  { username: '1023', extension: '1023' },
  { username: '1024', extension: '1024' },
  { username: '1025', extension: '1025' },
  { username: '1027', extension: '1027' },
  { username: '1028', extension: '1028' },
  { username: '1031', extension: '1031' },
  { username: 'brian', extension: 'brian' },
  { username: 'default', extension: 'default' },
  {
    username: '$${default_provider}',
    extension: '$${default_provider}'
  },
  { username: 'SEP001120AABBCC', extension: 'SEP001120AABBCC' }
]
[
  { username: '1000', extension: '1000' },
  { username: '1001', extension: '1001' },
  { username: '1002', extension: '1002' },
  { username: '1003', extension: '1003' },
  { username: '1004', extension: '1004' },
  { username: '1005', extension: '1005' },
  { username: '1006', extension: '1006' },
  { username: '1007', extension: '1007' },
  { username: '1008', extension: '1008' },
  { username: '1009', extension: '1009' },
  { username: '1010', extension: '1010' },
  { username: '1011', extension: '1011' },
  { username: '1012', extension: '1012' },
  { username: '1013', extension: '1013' },
  { username: '1014', extension: '1014' },
  { username: '1015', extension: '1015' },
  { username: '1016', extension: '1016' },
  { username: '1017', extension: '1017' },
  { username: '1018', extension: '1018' },
  { username: '1019', extension: '1019' },
  { username: '1020', extension: '1020' },
  { username: '1021', extension: '1021' },
  { username: '1022', extension: '1022' },
  { username: '1023', extension: '1023' },
  { username: '1024', extension: '1024' },
  { username: '1025', extension: '1025' },
  { username: '1027', extension: '1027' },
  { username: '1028', extension: '1028' },
  { username: '1031', extension: '1031' },
  { username: 'brian', extension: 'brian' },
  { username: 'default', extension: 'default' },
  {
    username: '$${default_provider}',
    extension: '$${default_provider}'
  },
  { username: 'SEP001120AABBCC', extension: 'SEP001120AABBCC' }
]
[
  { username: '1000', extension: '1000' },
  { username: '1001', extension: '1001' },
  { username: '1002', extension: '1002' },
  { username: '1003', extension: '1003' },
  { username: '1004', extension: '1004' },
  { username: '1005', extension: '1005' },
  { username: '1006', extension: '1006' },
  { username: '1007', extension: '1007' },
  { username: '1008', extension: '1008' },
  { username: '1009', extension: '1009' },
  { username: '1010', extension: '1010' },
  { username: '1011', extension: '1011' },
  { username: '1012', extension: '1012' },
  { username: '1013', extension: '1013' },
  { username: '1014', extension: '1014' },
  { username: '1015', extension: '1015' },
  { username: '1016', extension: '1016' },
  { username: '1017', extension: '1017' },
  { username: '1018', extension: '1018' },
  { username: '1019', extension: '1019' },
  { username: '1020', extension: '1020' },
  { username: '1021', extension: '1021' },
  { username: '1022', extension: '1022' },
  { username: '1023', extension: '1023' },
  { username: '1024', extension: '1024' },
  { username: '1025', extension: '1025' },
  { username: '1027', extension: '1027' },
  { username: '1028', extension: '1028' },
  { username: '1031', extension: '1031' },
  { username: 'brian', extension: 'brian' },
  { username: 'default', extension: 'default' },
  {
    username: '$${default_provider}',
    extension: '$${default_provider}'
  },
  { username: 'SEP001120AABBCC', extension: 'SEP001120AABBCC' }
]
[
  { username: '1000', extension: '1000' },
  { username: '1001', extension: '1001' },
  { username: '1002', extension: '1002' },
  { username: '1003', extension: '1003' },
  { username: '1004', extension: '1004' },
  { username: '1005', extension: '1005' },
  { username: '1006', extension: '1006' },
  { username: '1007', extension: '1007' },
  { username: '1008', extension: '1008' },
  { username: '1009', extension: '1009' },
  { username: '1010', extension: '1010' },
  { username: '1011', extension: '1011' },
  { username: '1012', extension: '1012' },
  { username: '1013', extension: '1013' },
  { username: '1014', extension: '1014' },
  { username: '1015', extension: '1015' },
  { username: '1016', extension: '1016' },
  { username: '1017', extension: '1017' },
  { username: '1018', extension: '1018' },
  { username: '1019', extension: '1019' },
  { username: '1020', extension: '1020' },
  { username: '1021', extension: '1021' },
  { username: '1022', extension: '1022' },
  { username: '1023', extension: '1023' },
  { username: '1024', extension: '1024' },
  { username: '1025', extension: '1025' },
  { username: '1027', extension: '1027' },
  { username: '1028', extension: '1028' },
  { username: '1031', extension: '1031' },
  { username: 'brian', extension: 'brian' },
  { username: 'default', extension: 'default' },
  {
    username: '$${default_provider}',
    extension: '$${default_provider}'
  },
  { username: 'SEP001120AABBCC', extension: 'SEP001120AABBCC' }
]
[
  { username: '1000', extension: '1000' },
  { username: '1001', extension: '1001' },
  { username: '1002', extension: '1002' },
  { username: '1003', extension: '1003' },
  { username: '1004', extension: '1004' },
  { username: '1005', extension: '1005' },
  { username: '1006', extension: '1006' },
  { username: '1007', extension: '1007' },
  { username: '1008', extension: '1008' },
  { username: '1009', extension: '1009' },
  { username: '1010', extension: '1010' },
  { username: '1011', extension: '1011' },
  { username: '1012', extension: '1012' },
  { username: '1013', extension: '1013' },
  { username: '1014', extension: '1014' },
  { username: '1015', extension: '1015' },
  { username: '1016', extension: '1016' },
  { username: '1017', extension: '1017' },
  { username: '1018', extension: '1018' },
  { username: '1019', extension: '1019' },
  { username: '1020', extension: '1020' },
  { username: '1021', extension: '1021' },
  { username: '1022', extension: '1022' },
  { username: '1023', extension: '1023' },
  { username: '1024', extension: '1024' },
  { username: '1025', extension: '1025' },
  { username: '1027', extension: '1027' },
  { username: '1028', extension: '1028' },
  { username: '1031', extension: '1031' },
  { username: 'brian', extension: 'brian' },
  { username: 'default', extension: 'default' },
  {
    username: '$${default_provider}',
    extension: '$${default_provider}'
  },
  { username: 'SEP001120AABBCC', extension: 'SEP001120AABBCC' }
]
[
  { username: '1000', extension: '1000' },
  { username: '1001', extension: '1001' },
  { username: '1002', extension: '1002' },
  { username: '1003', extension: '1003' },
  { username: '1004', extension: '1004' },
  { username: '1005', extension: '1005' },
  { username: '1006', extension: '1006' },
  { username: '1007', extension: '1007' },
  { username: '1008', extension: '1008' },
  { username: '1009', extension: '1009' },
  { username: '1010', extension: '1010' },
  { username: '1011', extension: '1011' },
  { username: '1012', extension: '1012' },
  { username: '1013', extension: '1013' },
  { username: '1014', extension: '1014' },
  { username: '1015', extension: '1015' },
  { username: '1016', extension: '1016' },
  { username: '1017', extension: '1017' },
  { username: '1018', extension: '1018' },
  { username: '1019', extension: '1019' },
  { username: '1020', extension: '1020' },
  { username: '1021', extension: '1021' },
  { username: '1022', extension: '1022' },
  { username: '1023', extension: '1023' },
  { username: '1024', extension: '1024' },
  { username: '1025', extension: '1025' },
  { username: '1027', extension: '1027' },
  { username: '1028', extension: '1028' },
  { username: '1031', extension: '1031' },
  { username: 'brian', extension: 'brian' },
  { username: 'default', extension: 'default' },
  {
    username: '$${default_provider}',
    extension: '$${default_provider}'
  },
  { username: 'SEP001120AABBCC', extension: 'SEP001120AABBCC' }
]
[
  { username: '1000', extension: '1000' },
  { username: '1001', extension: '1001' },
  { username: '1002', extension: '1002' },
  { username: '1003', extension: '1003' },
  { username: '1004', extension: '1004' },
  { username: '1005', extension: '1005' },
  { username: '1006', extension: '1006' },
  { username: '1007', extension: '1007' },
  { username: '1008', extension: '1008' },
  { username: '1009', extension: '1009' },
  { username: '1010', extension: '1010' },
  { username: '1011', extension: '1011' },
  { username: '1012', extension: '1012' },
  { username: '1013', extension: '1013' },
  { username: '1014', extension: '1014' },
  { username: '1015', extension: '1015' },
  { username: '1016', extension: '1016' },
  { username: '1017', extension: '1017' },
  { username: '1018', extension: '1018' },
  { username: '1019', extension: '1019' },
  { username: '1020', extension: '1020' },
  { username: '1021', extension: '1021' },
  { username: '1022', extension: '1022' },
  { username: '1023', extension: '1023' },
  { username: '1024', extension: '1024' },
  { username: '1025', extension: '1025' },
  { username: '1027', extension: '1027' },
  { username: '1028', extension: '1028' },
  { username: '1031', extension: '1031' },
  { username: 'brian', extension: 'brian' },
  { username: 'default', extension: 'default' },
  {
    username: '$${default_provider}',
    extension: '$${default_provider}'
  },
  { username: 'SEP001120AABBCC', extension: 'SEP001120AABBCC' }
]
[
  { username: '1000', extension: '1000' },
  { username: '1001', extension: '1001' },
  { username: '1002', extension: '1002' },
  { username: '1003', extension: '1003' },
  { username: '1004', extension: '1004' },
  { username: '1005', extension: '1005' },
  { username: '1006', extension: '1006' },
  { username: '1007', extension: '1007' },
  { username: '1008', extension: '1008' },
  { username: '1009', extension: '1009' },
  { username: '1010', extension: '1010' },
  { username: '1011', extension: '1011' },
  { username: '1012', extension: '1012' },
  { username: '1013', extension: '1013' },
  { username: '1014', extension: '1014' },
  { username: '1015', extension: '1015' },
  { username: '1016', extension: '1016' },
  { username: '1017', extension: '1017' },
  { username: '1018', extension: '1018' },
  { username: '1019', extension: '1019' },
  { username: '1020', extension: '1020' },
  { username: '1021', extension: '1021' },
  { username: '1022', extension: '1022' },
  { username: '1023', extension: '1023' },
  { username: '1024', extension: '1024' },
  { username: '1025', extension: '1025' },
  { username: '1027', extension: '1027' },
  { username: '1028', extension: '1028' },
  { username: '1031', extension: '1031' },
  { username: 'brian', extension: 'brian' },
  { username: 'default', extension: 'default' },
  {
    username: '$${default_provider}',
    extension: '$${default_provider}'
  },
  { username: 'SEP001120AABBCC', extension: 'SEP001120AABBCC' }
]
[
  { username: '1000', extension: '1000' },
  { username: '1001', extension: '1001' },
  { username: '1002', extension: '1002' },
  { username: '1003', extension: '1003' },
  { username: '1004', extension: '1004' },
  { username: '1005', extension: '1005' },
  { username: '1006', extension: '1006' },
  { username: '1007', extension: '1007' },
  { username: '1008', extension: '1008' },
  { username: '1009', extension: '1009' },
  { username: '1010', extension: '1010' },
  { username: '1011', extension: '1011' },
  { username: '1012', extension: '1012' },
  { username: '1013', extension: '1013' },
  { username: '1014', extension: '1014' },
  { username: '1015', extension: '1015' },
  { username: '1016', extension: '1016' },
  { username: '1017', extension: '1017' },
  { username: '1018', extension: '1018' },
  { username: '1019', extension: '1019' },
  { username: '1020', extension: '1020' },
  { username: '1021', extension: '1021' },
  { username: '1022', extension: '1022' },
  { username: '1023', extension: '1023' },
  { username: '1024', extension: '1024' },
  { username: '1025', extension: '1025' },
  { username: '1027', extension: '1027' },
  { username: '1028', extension: '1028' },
  { username: '1031', extension: '1031' },
  { username: 'brian', extension: 'brian' },
  { username: 'default', extension: 'default' },
  {
    username: '$${default_provider}',
    extension: '$${default_provider}'
  },
  { username: 'SEP001120AABBCC', extension: 'SEP001120AABBCC' }
]
[
  { username: '1000', extension: '1000' },
  { username: '1001', extension: '1001' },
  { username: '1002', extension: '1002' },
  { username: '1003', extension: '1003' },
  { username: '1004', extension: '1004' },
  { username: '1005', extension: '1005' },
  { username: '1006', extension: '1006' },
  { username: '1007', extension: '1007' },
  { username: '1008', extension: '1008' },
  { username: '1009', extension: '1009' },
  { username: '1010', extension: '1010' },
  { username: '1011', extension: '1011' },
  { username: '1012', extension: '1012' },
  { username: '1013', extension: '1013' },
  { username: '1014', extension: '1014' },
  { username: '1015', extension: '1015' },
  { username: '1016', extension: '1016' },
  { username: '1017', extension: '1017' },
  { username: '1018', extension: '1018' },
  { username: '1019', extension: '1019' },
  { username: '1020', extension: '1020' },
  { username: '1021', extension: '1021' },
  { username: '1022', extension: '1022' },
  { username: '1023', extension: '1023' },
  { username: '1024', extension: '1024' },
  { username: '1025', extension: '1025' },
  { username: '1027', extension: '1027' },
  { username: '1028', extension: '1028' },
  { username: '1031', extension: '1031' },
  { username: 'brian', extension: 'brian' },
  { username: 'default', extension: 'default' },
  {
    username: '$${default_provider}',
    extension: '$${default_provider}'
  },
  { username: 'SEP001120AABBCC', extension: 'SEP001120AABBCC' }
]
[
  { username: '1000', extension: '1000' },
  { username: '1001', extension: '1001' },
  { username: '1002', extension: '1002' },
  { username: '1003', extension: '1003' },
  { username: '1004', extension: '1004' },
  { username: '1005', extension: '1005' },
  { username: '1006', extension: '1006' },
  { username: '1007', extension: '1007' },
  { username: '1008', extension: '1008' },
  { username: '1009', extension: '1009' },
  { username: '1010', extension: '1010' },
  { username: '1011', extension: '1011' },
  { username: '1012', extension: '1012' },
  { username: '1013', extension: '1013' },
  { username: '1014', extension: '1014' },
  { username: '1015', extension: '1015' },
  { username: '1016', extension: '1016' },
  { username: '1017', extension: '1017' },
  { username: '1018', extension: '1018' },
  { username: '1019', extension: '1019' },
  { username: '1020', extension: '1020' },
  { username: '1021', extension: '1021' },
  { username: '1022', extension: '1022' },
  { username: '1023', extension: '1023' },
  { username: '1024', extension: '1024' },
  { username: '1025', extension: '1025' },
  { username: '1027', extension: '1027' },
  { username: '1028', extension: '1028' },
  { username: '1031', extension: '1031' },
  { username: 'brian', extension: 'brian' },
  { username: 'default', extension: 'default' },
  {
    username: '$${default_provider}',
    extension: '$${default_provider}'
  },
  { username: 'SEP001120AABBCC', extension: 'SEP001120AABBCC' }
]
[
  { username: '1000', extension: '1000' },
  { username: '1001', extension: '1001' },
  { username: '1002', extension: '1002' },
  { username: '1003', extension: '1003' },
  { username: '1004', extension: '1004' },
  { username: '1005', extension: '1005' },
  { username: '1006', extension: '1006' },
  { username: '1007', extension: '1007' },
  { username: '1008', extension: '1008' },
  { username: '1009', extension: '1009' },
  { username: '1010', extension: '1010' },
  { username: '1011', extension: '1011' },
  { username: '1012', extension: '1012' },
  { username: '1013', extension: '1013' },
  { username: '1014', extension: '1014' },
  { username: '1015', extension: '1015' },
  { username: '1016', extension: '1016' },
  { username: '1017', extension: '1017' },
  { username: '1018', extension: '1018' },
  { username: '1019', extension: '1019' },
  { username: '1020', extension: '1020' },
  { username: '1021', extension: '1021' },
  { username: '1022', extension: '1022' },
  { username: '1023', extension: '1023' },
  { username: '1024', extension: '1024' },
  { username: '1025', extension: '1025' },
  { username: '1027', extension: '1027' },
  { username: '1028', extension: '1028' },
  { username: '1031', extension: '1031' },
  { username: 'brian', extension: 'brian' },
  { username: 'default', extension: 'default' },
  {
    username: '$${default_provider}',
    extension: '$${default_provider}'
  },
  { username: 'SEP001120AABBCC', extension: 'SEP001120AABBCC' }
]
[
  { username: '1000', extension: '1000' },
  { username: '1001', extension: '1001' },
  { username: '1002', extension: '1002' },
  { username: '1003', extension: '1003' },
  { username: '1004', extension: '1004' },
  { username: '1005', extension: '1005' },
  { username: '1006', extension: '1006' },
  { username: '1007', extension: '1007' },
  { username: '1008', extension: '1008' },
  { username: '1009', extension: '1009' },
  { username: '1010', extension: '1010' },
  { username: '1011', extension: '1011' },
  { username: '1012', extension: '1012' },
  { username: '1013', extension: '1013' },
  { username: '1014', extension: '1014' },
  { username: '1015', extension: '1015' },
  { username: '1016', extension: '1016' },
  { username: '1017', extension: '1017' },
  { username: '1018', extension: '1018' },
  { username: '1019', extension: '1019' },
  { username: '1020', extension: '1020' },
  { username: '1021', extension: '1021' },
  { username: '1022', extension: '1022' },
  { username: '1023', extension: '1023' },
  { username: '1024', extension: '1024' },
  { username: '1025', extension: '1025' },
  { username: '1027', extension: '1027' },
  { username: '1028', extension: '1028' },
  { username: '1031', extension: '1031' },
  { username: 'brian', extension: 'brian' },
  { username: 'default', extension: 'default' },
  {
    username: '$${default_provider}',
    extension: '$${default_provider}'
  },
  { username: 'SEP001120AABBCC', extension: 'SEP001120AABBCC' }
]
[
  { username: '1000', extension: '1000' },
  { username: '1001', extension: '1001' },
  { username: '1002', extension: '1002' },
  { username: '1003', extension: '1003' },
  { username: '1004', extension: '1004' },
  { username: '1005', extension: '1005' },
  { username: '1006', extension: '1006' },
  { username: '1007', extension: '1007' },
  { username: '1008', extension: '1008' },
  { username: '1009', extension: '1009' },
  { username: '1010', extension: '1010' },
  { username: '1011', extension: '1011' },
  { username: '1012', extension: '1012' },
  { username: '1013', extension: '1013' },
  { username: '1014', extension: '1014' },
  { username: '1015', extension: '1015' },
  { username: '1016', extension: '1016' },
  { username: '1017', extension: '1017' },
  { username: '1018', extension: '1018' },
  { username: '1019', extension: '1019' },
  { username: '1020', extension: '1020' },
  { username: '1021', extension: '1021' },
  { username: '1022', extension: '1022' },
  { username: '1023', extension: '1023' },
  { username: '1024', extension: '1024' },
  { username: '1025', extension: '1025' },
  { username: '1027', extension: '1027' },
  { username: '1028', extension: '1028' },
  { username: '1031', extension: '1031' },
  { username: 'brian', extension: 'brian' },
  { username: 'default', extension: 'default' },
  {
    username: '$${default_provider}',
    extension: '$${default_provider}'
  },
  { username: 'SEP001120AABBCC', extension: 'SEP001120AABBCC' }
]
[
  { username: '1000', extension: '1000' },
  { username: '1001', extension: '1001' },
  { username: '1002', extension: '1002' },
  { username: '1003', extension: '1003' },
  { username: '1004', extension: '1004' },
  { username: '1005', extension: '1005' },
  { username: '1006', extension: '1006' },
  { username: '1007', extension: '1007' },
  { username: '1008', extension: '1008' },
  { username: '1009', extension: '1009' },
  { username: '1010', extension: '1010' },
  { username: '1011', extension: '1011' },
  { username: '1012', extension: '1012' },
  { username: '1013', extension: '1013' },
  { username: '1014', extension: '1014' },
  { username: '1015', extension: '1015' },
  { username: '1016', extension: '1016' },
  { username: '1017', extension: '1017' },
  { username: '1018', extension: '1018' },
  { username: '1019', extension: '1019' },
  { username: '1020', extension: '1020' },
  { username: '1021', extension: '1021' },
  { username: '1022', extension: '1022' },
  { username: '1023', extension: '1023' },
  { username: '1024', extension: '1024' },
  { username: '1025', extension: '1025' },
  { username: '1027', extension: '1027' },
  { username: '1028', extension: '1028' },
  { username: '1031', extension: '1031' },
  { username: 'brian', extension: 'brian' },
  { username: 'default', extension: 'default' },
  {
    username: '$${default_provider}',
    extension: '$${default_provider}'
  },
  { username: 'SEP001120AABBCC', extension: 'SEP001120AABBCC' }
]
[
  { username: '1000', extension: '1000' },
  { username: '1001', extension: '1001' },
  { username: '1002', extension: '1002' },
  { username: '1003', extension: '1003' },
  { username: '1004', extension: '1004' },
  { username: '1005', extension: '1005' },
  { username: '1006', extension: '1006' },
  { username: '1007', extension: '1007' },
  { username: '1008', extension: '1008' },
  { username: '1009', extension: '1009' },
  { username: '1010', extension: '1010' },
  { username: '1011', extension: '1011' },
  { username: '1012', extension: '1012' },
  { username: '1013', extension: '1013' },
  { username: '1014', extension: '1014' },
  { username: '1015', extension: '1015' },
  { username: '1016', extension: '1016' },
  { username: '1017', extension: '1017' },
  { username: '1018', extension: '1018' },
  { username: '1019', extension: '1019' },
  { username: '1020', extension: '1020' },
  { username: '1021', extension: '1021' },
  { username: '1022', extension: '1022' },
  { username: '1023', extension: '1023' },
  { username: '1024', extension: '1024' },
  { username: '1025', extension: '1025' },
  { username: '1027', extension: '1027' },
  { username: '1028', extension: '1028' },
  { username: '1031', extension: '1031' },
  { username: 'brian', extension: 'brian' },
  { username: 'default', extension: 'default' },
  {
    username: '$${default_provider}',
    extension: '$${default_provider}'
  },
  { username: 'SEP001120AABBCC', extension: 'SEP001120AABBCC' }
]
[
  { username: '1000', extension: '1000' },
  { username: '1001', extension: '1001' },
  { username: '1002', extension: '1002' },
  { username: '1003', extension: '1003' },
  { username: '1004', extension: '1004' },
  { username: '1005', extension: '1005' },
  { username: '1006', extension: '1006' },
  { username: '1007', extension: '1007' },
  { username: '1008', extension: '1008' },
  { username: '1009', extension: '1009' },
  { username: '1010', extension: '1010' },
  { username: '1011', extension: '1011' },
  { username: '1012', extension: '1012' },
  { username: '1013', extension: '1013' },
  { username: '1014', extension: '1014' },
  { username: '1015', extension: '1015' },
  { username: '1016', extension: '1016' },
  { username: '1017', extension: '1017' },
  { username: '1018', extension: '1018' },
  { username: '1019', extension: '1019' },
  { username: '1020', extension: '1020' },
  { username: '1021', extension: '1021' },
  { username: '1022', extension: '1022' },
  { username: '1023', extension: '1023' },
  { username: '1024', extension: '1024' },
  { username: '1025', extension: '1025' },
  { username: '1027', extension: '1027' },
  { username: '1028', extension: '1028' },
  { username: '1031', extension: '1031' },
  { username: 'brian', extension: 'brian' },
  { username: 'default', extension: 'default' },
  {
    username: '$${default_provider}',
    extension: '$${default_provider}'
  },
  { username: 'SEP001120AABBCC', extension: 'SEP001120AABBCC' }
]
[
  { username: '1000', extension: '1000' },
  { username: '1001', extension: '1001' },
  { username: '1002', extension: '1002' },
  { username: '1003', extension: '1003' },
  { username: '1004', extension: '1004' },
  { username: '1005', extension: '1005' },
  { username: '1006', extension: '1006' },
  { username: '1007', extension: '1007' },
  { username: '1008', extension: '1008' },
  { username: '1009', extension: '1009' },
  { username: '1010', extension: '1010' },
  { username: '1011', extension: '1011' },
  { username: '1012', extension: '1012' },
  { username: '1013', extension: '1013' },
  { username: '1014', extension: '1014' },
  { username: '1015', extension: '1015' },
  { username: '1016', extension: '1016' },
  { username: '1017', extension: '1017' },
  { username: '1018', extension: '1018' },
  { username: '1019', extension: '1019' },
  { username: '1020', extension: '1020' },
  { username: '1021', extension: '1021' },
  { username: '1022', extension: '1022' },
  { username: '1023', extension: '1023' },
  { username: '1024', extension: '1024' },
  { username: '1025', extension: '1025' },
  { username: '1027', extension: '1027' },
  { username: '1028', extension: '1028' },
  { username: '1031', extension: '1031' },
  { username: 'brian', extension: 'brian' },
  { username: 'default', extension: 'default' },
  {
    username: '$${default_provider}',
    extension: '$${default_provider}'
  },
  { username: 'SEP001120AABBCC', extension: 'SEP001120AABBCC' }
]
[
  { username: '1000', extension: '1000' },
  { username: '1001', extension: '1001' },
  { username: '1002', extension: '1002' },
  { username: '1003', extension: '1003' },
  { username: '1004', extension: '1004' },
  { username: '1005', extension: '1005' },
  { username: '1006', extension: '1006' },
  { username: '1007', extension: '1007' },
  { username: '1008', extension: '1008' },
  { username: '1009', extension: '1009' },
  { username: '1010', extension: '1010' },
  { username: '1011', extension: '1011' },
  { username: '1012', extension: '1012' },
  { username: '1013', extension: '1013' },
  { username: '1014', extension: '1014' },
  { username: '1015', extension: '1015' },
  { username: '1016', extension: '1016' },
  { username: '1017', extension: '1017' },
  { username: '1018', extension: '1018' },
  { username: '1019', extension: '1019' },
  { username: '1020', extension: '1020' },
  { username: '1021', extension: '1021' },
  { username: '1022', extension: '1022' },
  { username: '1023', extension: '1023' },
  { username: '1024', extension: '1024' },
  { username: '1025', extension: '1025' },
  { username: '1027', extension: '1027' },
  { username: '1028', extension: '1028' },
  { username: '1031', extension: '1031' },
  { username: 'brian', extension: 'brian' },
  { username: 'default', extension: 'default' },
  {
    username: '$${default_provider}',
    extension: '$${default_provider}'
  },
  { username: 'SEP001120AABBCC', extension: 'SEP001120AABBCC' }
]
[
  { username: '1000', extension: '1000' },
  { username: '1001', extension: '1001' },
  { username: '1002', extension: '1002' },
  { username: '1003', extension: '1003' },
  { username: '1004', extension: '1004' },
  { username: '1005', extension: '1005' },
  { username: '1006', extension: '1006' },
  { username: '1007', extension: '1007' },
  { username: '1008', extension: '1008' },
  { username: '1009', extension: '1009' },
  { username: '1010', extension: '1010' },
  { username: '1011', extension: '1011' },
  { username: '1012', extension: '1012' },
  { username: '1013', extension: '1013' },
  { username: '1014', extension: '1014' },
  { username: '1015', extension: '1015' },
  { username: '1016', extension: '1016' },
  { username: '1017', extension: '1017' },
  { username: '1018', extension: '1018' },
  { username: '1019', extension: '1019' },
  { username: '1020', extension: '1020' },
  { username: '1021', extension: '1021' },
  { username: '1022', extension: '1022' },
  { username: '1023', extension: '1023' },
  { username: '1024', extension: '1024' },
  { username: '1025', extension: '1025' },
  { username: '1027', extension: '1027' },
  { username: '1028', extension: '1028' },
  { username: '1031', extension: '1031' },
  { username: 'brian', extension: 'brian' },
  { username: 'default', extension: 'default' },
  {
    username: '$${default_provider}',
    extension: '$${default_provider}'
  },
  { username: 'SEP001120AABBCC', extension: 'SEP001120AABBCC' }
]
[
  { username: '1000', extension: '1000' },
  { username: '1001', extension: '1001' },
  { username: '1002', extension: '1002' },
  { username: '1003', extension: '1003' },
  { username: '1004', extension: '1004' },
  { username: '1005', extension: '1005' },
  { username: '1006', extension: '1006' },
  { username: '1007', extension: '1007' },
  { username: '1008', extension: '1008' },
  { username: '1009', extension: '1009' },
  { username: '1010', extension: '1010' },
  { username: '1011', extension: '1011' },
  { username: '1012', extension: '1012' },
  { username: '1013', extension: '1013' },
  { username: '1014', extension: '1014' },
  { username: '1015', extension: '1015' },
  { username: '1016', extension: '1016' },
  { username: '1017', extension: '1017' },
  { username: '1018', extension: '1018' },
  { username: '1019', extension: '1019' },
  { username: '1020', extension: '1020' },
  { username: '1021', extension: '1021' },
  { username: '1022', extension: '1022' },
  { username: '1023', extension: '1023' },
  { username: '1024', extension: '1024' },
  { username: '1025', extension: '1025' },
  { username: '1027', extension: '1027' },
  { username: '1028', extension: '1028' },
  { username: '1031', extension: '1031' },
  { username: 'brian', extension: 'brian' },
  { username: 'default', extension: 'default' },
  {
    username: '$${default_provider}',
    extension: '$${default_provider}'
  },
  { username: 'SEP001120AABBCC', extension: 'SEP001120AABBCC' }
]
[
  { username: '1000', extension: '1000' },
  { username: '1001', extension: '1001' },
  { username: '1002', extension: '1002' },
  { username: '1003', extension: '1003' },
  { username: '1004', extension: '1004' },
  { username: '1005', extension: '1005' },
  { username: '1006', extension: '1006' },
  { username: '1007', extension: '1007' },
  { username: '1008', extension: '1008' },
  { username: '1009', extension: '1009' },
  { username: '1010', extension: '1010' },
  { username: '1011', extension: '1011' },
  { username: '1012', extension: '1012' },
  { username: '1013', extension: '1013' },
  { username: '1014', extension: '1014' },
  { username: '1015', extension: '1015' },
  { username: '1016', extension: '1016' },
  { username: '1017', extension: '1017' },
  { username: '1018', extension: '1018' },
  { username: '1019', extension: '1019' },
  { username: '1020', extension: '1020' },
  { username: '1021', extension: '1021' },
  { username: '1022', extension: '1022' },
  { username: '1023', extension: '1023' },
  { username: '1024', extension: '1024' },
  { username: '1025', extension: '1025' },
  { username: '1027', extension: '1027' },
  { username: '1028', extension: '1028' },
  { username: '1031', extension: '1031' },
  { username: 'brian', extension: 'brian' },
  { username: 'default', extension: 'default' },
  {
    username: '$${default_provider}',
    extension: '$${default_provider}'
  },
  { username: 'SEP001120AABBCC', extension: 'SEP001120AABBCC' }
]
[
  { username: '1000', extension: '1000' },
  { username: '1001', extension: '1001' },
  { username: '1002', extension: '1002' },
  { username: '1003', extension: '1003' },
  { username: '1004', extension: '1004' },
  { username: '1005', extension: '1005' },
  { username: '1006', extension: '1006' },
  { username: '1007', extension: '1007' },
  { username: '1008', extension: '1008' },
  { username: '1009', extension: '1009' },
  { username: '1010', extension: '1010' },
  { username: '1011', extension: '1011' },
  { username: '1012', extension: '1012' },
  { username: '1013', extension: '1013' },
  { username: '1014', extension: '1014' },
  { username: '1015', extension: '1015' },
  { username: '1016', extension: '1016' },
  { username: '1017', extension: '1017' },
  { username: '1018', extension: '1018' },
  { username: '1019', extension: '1019' },
  { username: '1020', extension: '1020' },
  { username: '1021', extension: '1021' },
  { username: '1022', extension: '1022' },
  { username: '1023', extension: '1023' },
  { username: '1024', extension: '1024' },
  { username: '1025', extension: '1025' },
  { username: '1027', extension: '1027' },
  { username: '1028', extension: '1028' },
  { username: '1031', extension: '1031' },
  { username: 'brian', extension: 'brian' },
  { username: 'default', extension: 'default' },
  {
    username: '$${default_provider}',
    extension: '$${default_provider}'
  },
  { username: 'SEP001120AABBCC', extension: 'SEP001120AABBCC' }
]
[
  { username: '1000', extension: '1000' },
  { username: '1001', extension: '1001' },
  { username: '1002', extension: '1002' },
  { username: '1003', extension: '1003' },
  { username: '1004', extension: '1004' },
  { username: '1005', extension: '1005' },
  { username: '1006', extension: '1006' },
  { username: '1007', extension: '1007' },
  { username: '1008', extension: '1008' },
  { username: '1009', extension: '1009' },
  { username: '1010', extension: '1010' },
  { username: '1011', extension: '1011' },
  { username: '1012', extension: '1012' },
  { username: '1013', extension: '1013' },
  { username: '1014', extension: '1014' },
  { username: '1015', extension: '1015' },
  { username: '1016', extension: '1016' },
  { username: '1017', extension: '1017' },
  { username: '1018', extension: '1018' },
  { username: '1019', extension: '1019' },
  { username: '1020', extension: '1020' },
  { username: '1021', extension: '1021' },
  { username: '1022', extension: '1022' },
  { username: '1023', extension: '1023' },
  { username: '1024', extension: '1024' },
  { username: '1025', extension: '1025' },
  { username: '1027', extension: '1027' },
  { username: '1028', extension: '1028' },
  { username: '1031', extension: '1031' },
  { username: 'brian', extension: 'brian' },
  { username: 'default', extension: 'default' },
  {
    username: '$${default_provider}',
    extension: '$${default_provider}'
  },
  { username: 'SEP001120AABBCC', extension: 'SEP001120AABBCC' }
]
[
  { username: '1000', extension: '1000' },
  { username: '1001', extension: '1001' },
  { username: '1002', extension: '1002' },
  { username: '1003', extension: '1003' },
  { username: '1004', extension: '1004' },
  { username: '1005', extension: '1005' },
  { username: '1006', extension: '1006' },
  { username: '1007', extension: '1007' },
  { username: '1008', extension: '1008' },
  { username: '1009', extension: '1009' },
  { username: '1010', extension: '1010' },
  { username: '1011', extension: '1011' },
  { username: '1012', extension: '1012' },
  { username: '1013', extension: '1013' },
  { username: '1014', extension: '1014' },
  { username: '1015', extension: '1015' },
  { username: '1016', extension: '1016' },
  { username: '1017', extension: '1017' },
  { username: '1018', extension: '1018' },
  { username: '1019', extension: '1019' },
  { username: '1020', extension: '1020' },
  { username: '1021', extension: '1021' },
  { username: '1022', extension: '1022' },
  { username: '1023', extension: '1023' },
  { username: '1024', extension: '1024' },
  { username: '1025', extension: '1025' },
  { username: '1027', extension: '1027' },
  { username: '1028', extension: '1028' },
  { username: '1031', extension: '1031' },
  { username: 'brian', extension: 'brian' },
  { username: 'default', extension: 'default' },
  {
    username: '$${default_provider}',
    extension: '$${default_provider}'
  },
  { username: 'SEP001120AABBCC', extension: 'SEP001120AABBCC' }
]
[
  { username: '1000', extension: '1000' },
  { username: '1001', extension: '1001' },
  { username: '1002', extension: '1002' },
  { username: '1003', extension: '1003' },
  { username: '1004', extension: '1004' },
  { username: '1005', extension: '1005' },
  { username: '1006', extension: '1006' },
  { username: '1007', extension: '1007' },
  { username: '1008', extension: '1008' },
  { username: '1009', extension: '1009' },
  { username: '1010', extension: '1010' },
  { username: '1011', extension: '1011' },
  { username: '1012', extension: '1012' },
  { username: '1013', extension: '1013' },
  { username: '1014', extension: '1014' },
  { username: '1015', extension: '1015' },
  { username: '1016', extension: '1016' },
  { username: '1017', extension: '1017' },
  { username: '1018', extension: '1018' },
  { username: '1019', extension: '1019' },
  { username: '1020', extension: '1020' },
  { username: '1021', extension: '1021' },
  { username: '1022', extension: '1022' },
  { username: '1023', extension: '1023' },
  { username: '1024', extension: '1024' },
  { username: '1025', extension: '1025' },
  { username: '1027', extension: '1027' },
  { username: '1028', extension: '1028' },
  { username: '1031', extension: '1031' },
  { username: 'brian', extension: 'brian' },
  { username: 'default', extension: 'default' },
  {
    username: '$${default_provider}',
    extension: '$${default_provider}'
  },
  { username: 'SEP001120AABBCC', extension: 'SEP001120AABBCC' }
]
[
  { username: '1000', extension: '1000' },
  { username: '1001', extension: '1001' },
  { username: '1002', extension: '1002' },
  { username: '1003', extension: '1003' },
  { username: '1004', extension: '1004' },
  { username: '1005', extension: '1005' },
  { username: '1006', extension: '1006' },
  { username: '1007', extension: '1007' },
  { username: '1008', extension: '1008' },
  { username: '1009', extension: '1009' },
  { username: '1010', extension: '1010' },
  { username: '1011', extension: '1011' },
  { username: '1012', extension: '1012' },
  { username: '1013', extension: '1013' },
  { username: '1014', extension: '1014' },
  { username: '1015', extension: '1015' },
  { username: '1016', extension: '1016' },
  { username: '1017', extension: '1017' },
  { username: '1018', extension: '1018' },
  { username: '1019', extension: '1019' },
  { username: '1020', extension: '1020' },
  { username: '1021', extension: '1021' },
  { username: '1022', extension: '1022' },
  { username: '1023', extension: '1023' },
  { username: '1024', extension: '1024' },
  { username: '1025', extension: '1025' },
  { username: '1027', extension: '1027' },
  { username: '1028', extension: '1028' },
  { username: '1031', extension: '1031' },
  { username: 'brian', extension: 'brian' },
  { username: 'default', extension: 'default' },
  {
    username: '$${default_provider}',
    extension: '$${default_provider}'
  },
  { username: 'SEP001120AABBCC', extension: 'SEP001120AABBCC' }
]
[
  { username: '1000', extension: '1000' },
  { username: '1001', extension: '1001' },
  { username: '1002', extension: '1002' },
  { username: '1003', extension: '1003' },
  { username: '1004', extension: '1004' },
  { username: '1005', extension: '1005' },
  { username: '1006', extension: '1006' },
  { username: '1007', extension: '1007' },
  { username: '1008', extension: '1008' },
  { username: '1009', extension: '1009' },
  { username: '1010', extension: '1010' },
  { username: '1011', extension: '1011' },
  { username: '1012', extension: '1012' },
  { username: '1013', extension: '1013' },
  { username: '1014', extension: '1014' },
  { username: '1015', extension: '1015' },
  { username: '1016', extension: '1016' },
  { username: '1017', extension: '1017' },
  { username: '1018', extension: '1018' },
  { username: '1019', extension: '1019' },
  { username: '1020', extension: '1020' },
  { username: '1021', extension: '1021' },
  { username: '1022', extension: '1022' },
  { username: '1023', extension: '1023' },
  { username: '1024', extension: '1024' },
  { username: '1025', extension: '1025' },
  { username: '1027', extension: '1027' },
  { username: '1028', extension: '1028' },
  { username: '1031', extension: '1031' },
  { username: 'brian', extension: 'brian' },
  { username: 'default', extension: 'default' },
  {
    username: '$${default_provider}',
    extension: '$${default_provider}'
  },
  { username: 'SEP001120AABBCC', extension: 'SEP001120AABBCC' }
]
[
  { username: '1000', extension: '1000' },
  { username: '1001', extension: '1001' },
  { username: '1002', extension: '1002' },
  { username: '1003', extension: '1003' },
  { username: '1004', extension: '1004' },
  { username: '1005', extension: '1005' },
  { username: '1006', extension: '1006' },
  { username: '1007', extension: '1007' },
  { username: '1008', extension: '1008' },
  { username: '1009', extension: '1009' },
  { username: '1010', extension: '1010' },
  { username: '1011', extension: '1011' },
  { username: '1012', extension: '1012' },
  { username: '1013', extension: '1013' },
  { username: '1014', extension: '1014' },
  { username: '1015', extension: '1015' },
  { username: '1016', extension: '1016' },
  { username: '1017', extension: '1017' },
  { username: '1018', extension: '1018' },
  { username: '1019', extension: '1019' },
  { username: '1020', extension: '1020' },
  { username: '1021', extension: '1021' },
  { username: '1022', extension: '1022' },
  { username: '1023', extension: '1023' },
  { username: '1024', extension: '1024' },
  { username: '1025', extension: '1025' },
  { username: '1027', extension: '1027' },
  { username: '1028', extension: '1028' },
  { username: '1031', extension: '1031' },
  { username: 'brian', extension: 'brian' },
  { username: 'default', extension: 'default' },
  {
    username: '$${default_provider}',
    extension: '$${default_provider}'
  },
  { username: 'SEP001120AABBCC', extension: 'SEP001120AABBCC' }
]
[
  { username: '1000', extension: '1000' },
  { username: '1001', extension: '1001' },
  { username: '1002', extension: '1002' },
  { username: '1003', extension: '1003' },
  { username: '1004', extension: '1004' },
  { username: '1005', extension: '1005' },
  { username: '1006', extension: '1006' },
  { username: '1007', extension: '1007' },
  { username: '1008', extension: '1008' },
  { username: '1009', extension: '1009' },
  { username: '1010', extension: '1010' },
  { username: '1011', extension: '1011' },
  { username: '1012', extension: '1012' },
  { username: '1013', extension: '1013' },
  { username: '1014', extension: '1014' },
  { username: '1015', extension: '1015' },
  { username: '1016', extension: '1016' },
  { username: '1017', extension: '1017' },
  { username: '1018', extension: '1018' },
  { username: '1019', extension: '1019' },
  { username: '1020', extension: '1020' },
  { username: '1021', extension: '1021' },
  { username: '1022', extension: '1022' },
  { username: '1023', extension: '1023' },
  { username: '1024', extension: '1024' },
  { username: '1025', extension: '1025' },
  { username: '1027', extension: '1027' },
  { username: '1028', extension: '1028' },
  { username: '1031', extension: '1031' },
  { username: 'brian', extension: 'brian' },
  { username: 'default', extension: 'default' },
  {
    username: '$${default_provider}',
    extension: '$${default_provider}'
  },
  { username: 'SEP001120AABBCC', extension: 'SEP001120AABBCC' }
]
[
  { username: '1000', extension: '1000' },
  { username: '1001', extension: '1001' },
  { username: '1002', extension: '1002' },
  { username: '1003', extension: '1003' },
  { username: '1004', extension: '1004' },
  { username: '1005', extension: '1005' },
  { username: '1006', extension: '1006' },
  { username: '1007', extension: '1007' },
  { username: '1008', extension: '1008' },
  { username: '1009', extension: '1009' },
  { username: '1010', extension: '1010' },
  { username: '1011', extension: '1011' },
  { username: '1012', extension: '1012' },
  { username: '1013', extension: '1013' },
  { username: '1014', extension: '1014' },
  { username: '1015', extension: '1015' },
  { username: '1016', extension: '1016' },
  { username: '1017', extension: '1017' },
  { username: '1018', extension: '1018' },
  { username: '1019', extension: '1019' },
  { username: '1020', extension: '1020' },
  { username: '1021', extension: '1021' },
  { username: '1022', extension: '1022' },
  { username: '1023', extension: '1023' },
  { username: '1024', extension: '1024' },
  { username: '1025', extension: '1025' },
  { username: '1027', extension: '1027' },
  { username: '1028', extension: '1028' },
  { username: '1031', extension: '1031' },
  { username: 'brian', extension: 'brian' },
  { username: 'default', extension: 'default' },
  {
    username: '$${default_provider}',
    extension: '$${default_provider}'
  },
  { username: 'SEP001120AABBCC', extension: 'SEP001120AABBCC' }
]
[
  { username: '1000', extension: '1000' },
  { username: '1001', extension: '1001' },
  { username: '1002', extension: '1002' },
  { username: '1003', extension: '1003' },
  { username: '1004', extension: '1004' },
  { username: '1005', extension: '1005' },
  { username: '1006', extension: '1006' },
  { username: '1007', extension: '1007' },
  { username: '1008', extension: '1008' },
  { username: '1009', extension: '1009' },
  { username: '1010', extension: '1010' },
  { username: '1011', extension: '1011' },
  { username: '1012', extension: '1012' },
  { username: '1013', extension: '1013' },
  { username: '1014', extension: '1014' },
  { username: '1015', extension: '1015' },
  { username: '1016', extension: '1016' },
  { username: '1017', extension: '1017' },
  { username: '1018', extension: '1018' },
  { username: '1019', extension: '1019' },
  { username: '1020', extension: '1020' },
  { username: '1021', extension: '1021' },
  { username: '1022', extension: '1022' },
  { username: '1023', extension: '1023' },
  { username: '1024', extension: '1024' },
  { username: '1025', extension: '1025' },
  { username: '1027', extension: '1027' },
  { username: '1028', extension: '1028' },
  { username: '1031', extension: '1031' },
  { username: 'brian', extension: 'brian' },
  { username: 'default', extension: 'default' },
  {
    username: '$${default_provider}',
    extension: '$${default_provider}'
  },
  { username: 'SEP001120AABBCC', extension: 'SEP001120AABBCC' }
]
[
  { username: '1000', extension: '1000' },
  { username: '1001', extension: '1001' },
  { username: '1002', extension: '1002' },
  { username: '1003', extension: '1003' },
  { username: '1004', extension: '1004' },
  { username: '1005', extension: '1005' },
  { username: '1006', extension: '1006' },
  { username: '1007', extension: '1007' },
  { username: '1008', extension: '1008' },
  { username: '1009', extension: '1009' },
  { username: '1010', extension: '1010' },
  { username: '1011', extension: '1011' },
  { username: '1012', extension: '1012' },
  { username: '1013', extension: '1013' },
  { username: '1014', extension: '1014' },
  { username: '1015', extension: '1015' },
  { username: '1016', extension: '1016' },
  { username: '1017', extension: '1017' },
  { username: '1018', extension: '1018' },
  { username: '1019', extension: '1019' },
  { username: '1020', extension: '1020' },
  { username: '1021', extension: '1021' },
  { username: '1022', extension: '1022' },
  { username: '1023', extension: '1023' },
  { username: '1024', extension: '1024' },
  { username: '1025', extension: '1025' },
  { username: '1027', extension: '1027' },
  { username: '1028', extension: '1028' },
  { username: '1031', extension: '1031' },
  { username: 'brian', extension: 'brian' },
  { username: 'default', extension: 'default' },
  {
    username: '$${default_provider}',
    extension: '$${default_provider}'
  },
  { username: 'SEP001120AABBCC', extension: 'SEP001120AABBCC' }
]
[
  { username: '1000', extension: '1000' },
  { username: '1001', extension: '1001' },
  { username: '1002', extension: '1002' },
  { username: '1003', extension: '1003' },
  { username: '1004', extension: '1004' },
  { username: '1005', extension: '1005' },
  { username: '1006', extension: '1006' },
  { username: '1007', extension: '1007' },
  { username: '1008', extension: '1008' },
  { username: '1009', extension: '1009' },
  { username: '1010', extension: '1010' },
  { username: '1011', extension: '1011' },
  { username: '1012', extension: '1012' },
  { username: '1013', extension: '1013' },
  { username: '1014', extension: '1014' },
  { username: '1015', extension: '1015' },
  { username: '1016', extension: '1016' },
  { username: '1017', extension: '1017' },
  { username: '1018', extension: '1018' },
  { username: '1019', extension: '1019' },
  { username: '1020', extension: '1020' },
  { username: '1021', extension: '1021' },
  { username: '1022', extension: '1022' },
  { username: '1023', extension: '1023' },
  { username: '1024', extension: '1024' },
  { username: '1025', extension: '1025' },
  { username: '1027', extension: '1027' },
  { username: '1028', extension: '1028' },
  { username: '1031', extension: '1031' },
  { username: 'brian', extension: 'brian' },
  { username: 'default', extension: 'default' },
  {
    username: '$${default_provider}',
    extension: '$${default_provider}'
  },
  { username: 'SEP001120AABBCC', extension: 'SEP001120AABBCC' }
]
[
  { username: '1000', extension: '1000' },
  { username: '1001', extension: '1001' },
  { username: '1002', extension: '1002' },
  { username: '1003', extension: '1003' },
  { username: '1004', extension: '1004' },
  { username: '1005', extension: '1005' },
  { username: '1006', extension: '1006' },
  { username: '1007', extension: '1007' },
  { username: '1008', extension: '1008' },
  { username: '1009', extension: '1009' },
  { username: '1010', extension: '1010' },
  { username: '1011', extension: '1011' },
  { username: '1012', extension: '1012' },
  { username: '1013', extension: '1013' },
  { username: '1014', extension: '1014' },
  { username: '1015', extension: '1015' },
  { username: '1016', extension: '1016' },
  { username: '1017', extension: '1017' },
  { username: '1018', extension: '1018' },
  { username: '1019', extension: '1019' },
  { username: '1020', extension: '1020' },
  { username: '1021', extension: '1021' },
  { username: '1022', extension: '1022' },
  { username: '1023', extension: '1023' },
  { username: '1024', extension: '1024' },
  { username: '1025', extension: '1025' },
  { username: '1027', extension: '1027' },
  { username: '1028', extension: '1028' },
  { username: '1031', extension: '1031' },
  { username: 'brian', extension: 'brian' },
  { username: 'default', extension: 'default' },
  {
    username: '$${default_provider}',
    extension: '$${default_provider}'
  },
  { username: 'SEP001120AABBCC', extension: 'SEP001120AABBCC' }
]
[
  { username: '1000', extension: '1000' },
  { username: '1001', extension: '1001' },
  { username: '1002', extension: '1002' },
  { username: '1003', extension: '1003' },
  { username: '1004', extension: '1004' },
  { username: '1005', extension: '1005' },
  { username: '1006', extension: '1006' },
  { username: '1007', extension: '1007' },
  { username: '1008', extension: '1008' },
  { username: '1009', extension: '1009' },
  { username: '1010', extension: '1010' },
  { username: '1011', extension: '1011' },
  { username: '1012', extension: '1012' },
  { username: '1013', extension: '1013' },
  { username: '1014', extension: '1014' },
  { username: '1015', extension: '1015' },
  { username: '1016', extension: '1016' },
  { username: '1017', extension: '1017' },
  { username: '1018', extension: '1018' },
  { username: '1019', extension: '1019' },
  { username: '1020', extension: '1020' },
  { username: '1021', extension: '1021' },
  { username: '1022', extension: '1022' },
  { username: '1023', extension: '1023' },
  { username: '1024', extension: '1024' },
  { username: '1025', extension: '1025' },
  { username: '1027', extension: '1027' },
  { username: '1028', extension: '1028' },
  { username: '1031', extension: '1031' },
  { username: 'brian', extension: 'brian' },
  { username: 'default', extension: 'default' },
  {
    username: '$${default_provider}',
    extension: '$${default_provider}'
  },
  { username: 'SEP001120AABBCC', extension: 'SEP001120AABBCC' }
]
